[    0.000000] Initializing cgrou subsys cpuset
[    0.000000] Initializing cgroup subsys cpu
[    0.000000] Initializing cgroup subsys cpuacct
[    0.000000] Linux version 4.4.0-130-generic (buildd@lgw01-amd64-039) (gcc version 5.4.0 20160609 (Ubuntu 5.4.0-6ubuntu1~16.04.9) ) #156-Ubuntu SMP Thuu Jun 14 08:53:28 UTC 2018 (Ubuntu 4.4.0-13.156-generic 4.4.134)
[    0.000000] Command line: BOOT_IMAGE=/boot/vmlinuz-4.4.0-130-generic root=LABEL=cloudimg-rootfs ro console=tty1 console=ttyS0
[    0.000000] KERNEL supported cpus:
[    0.000000]   Intel GenuineIntel
[    0.000000]   AMD AuthenticAMD
[    0.000000]   Centaur CentaurHauls
[    0.000000] x86/fpu: xstate_offset[2]:  576, xstate_sizes[2]:  256
[    0.000000] x86/fpu: Supporting XSAVE feature 0x01: 'x87 floating point registers'
[    0.000000] x86/fpu: Supporting XSAVE feature 0x02: 'SSE registers'
[    0.000000] x86/fpu: Supporting XSAVE feature 0x04: 'AVX registers'
[    0.000000] 86/fpu: Enabled xstate features 0x7, context size is 832 bytes, using 'standard' format.
[    0.000000] x86/fpu: Using 'eager' FPU context switches.
[    0.000000] e820: BIOS-provided physical RAM map:
[    0.000000] BIOS-e820: [mem 0x00000000000000000-0x000000000009fbff] usable
[    0.000000] BIOS-e820: [mem 0x000000000009fc00-0x000000000009ffff] reserved
[    0.000000] BIOS-e820: [mem 0x00000000000f0000-0x00000000000fffff] reserved
[    0.000000] BIOS-e820: [mem 0x0000000000100000-0x000000003ffeffff] usable
[    0.000000] BIOS-e820: [mem 0x000000003fff0000-0x000000003fffffff] ACPI data
[    0.000000] BIOS-e820: [mem 0x00000000fec00000-0x00000000fec00fff] reserved
[    0.000000] BIOS-e820: [m 0x00000000fe0000-0x000000fe00fff] resered
    0.000000] BIOS-e820: [mem 0x00000000fffc0000-0x00000000ffffffff] reserved
[    0.000000] NX (Execute Disable) protection: active
[    0.000000] SMBIOS 2.5 present.
[    0.000000] Hypervisor detected: KVM
[    0.000000] e820: last_pfn = 0x3fff0 max_arch_pfn = 0x400000000
[    0.000000] MTRR: Disabled
[    0.000000] x86/PAT: MTRRs disabled, skipping PAT initialization too.
[    0.000000] CPU MTRRs all blank - virtualized system.
[[    0.000000] x86/PAT: Configuration [0-7]: WB  WT  UC- UC  WB  WT  UC- UC  
[    0.000000] found SMP MP-table at [mem 0x0009fff0-0x0009ffff] mapped at [ffff88000009fff0]
[    0.000000] Scanning 1 areas for low meory corruption
[    0.000000] RAMDISK: [mem 0x36aa4000-0x37549fff]
[    0.000000] ACPI: Early table checksum verification disabled
[    0.000000] ACPI: RSDP 0x00000000000E0000 000024 (v02 VBOX  )
[    0.000000] ACPI: XSDT 0x000000003FFF0030 00003C (v01 VBOX   VBOXXSDT 00000001 ASL  00000061)
[    0.000000] ACPI: FACP 0x0000003FFF00F0 0000F4 v04 VBOX   VBOXFACP 00000001 ASL  00000061)
[    0.000000] ACPI: DSDT 0x000000003FFF0470 0021FF (v02 VBOX   VBOXBIOS 00000002 INTL 20100528)
[    0.000000] ACPI: FACS 0x000000003FFF0200 000040
[    0.000000] ACPI: FACS 0x00000003FFF0200 000040
[    0.000000] ACPI: APIC 0x000000003FFF0240 00005C (v02 VBOX   VBOXAPIC 00000001 ASL  00000061)
[    0.000000] ACPI: SSDT 0x000000003FFF02A0 0001CC (v01 VBOX   VBOXCPUT 00000002 INTL 20100528)
[    0.000000] No NUMA configuration found
[    0.000000] Faking a node at [mem 0x0000000000000000-0x000000003ffeffff]
[    0.000000] NODE_DATA(0) allocated [mem 0x3ffeb000-0x3ffeffff]
[    0.000000] kvm-clock: Using msrs 4b564d01 and 4b564d00
[    0.000000] kvm-clock: cpu 0, msr 0:3ffe3001, primary cpu clock
[    0.000000] kvm-clock: using sched offset of 4395141257 cycles
[    0.000000] clocksource: kvm-clock: mask: 0xffffffffffffffff max_cycles: 01cd42e4dffb, max_idl_ns: 881590591483 ns
[    0.000000] Zone ranges:
[    0.000000]   DMA      [mem  0x0000000000001000-0x0000000000ffffff]
[    0.000000]   DMA32    [mem 0x0000000001000000-0x000000003ffeffff]
[    0.000000]   Normal   empty
[   0.000000]   Device   empty
[    0.000000] Movable zone start for each node
[    0.000000] Early memory node ranges
[    0.000000]   node   0: [mem 0x0000000000001000-0x000000000009efff]
[    0.000000]   node   0: [mem 0x0000000000100000-0x000000003ffeffff]
[    0.000000] Initmem setup node 0 [mem 0x0000000000001000-0x000000003ffeffff]
[    0.000000] ACPI: PM-Timer IO Port: 0x4008
[    0.000000] IOAPIC[0]: apic_id 2, version 32, address 0xfec00000, GSI 0-23
[    0.000000] ACPI: INT_SRC_OVR (bus 0 bus_irq 0 global_irq 2 dfl dfl)
[    0.000000] ACPI: INT_SRC_OVR (bus 0 bus_irq 9 global_irq 9 low level)
[    0.000000] Using ACPI (MADT) for SMP configuration informaion
[    0.000000] smpboot: Allowing 2 CPUs, 0 hotplug CPUs
[    0.000000] PM: Registered nosave memory: [mem 0x00000000-0x00000f]
[    0.000000] PM: Registered nosave memory: [mem 0x0009f000-0x0009ffff]
[    0.000000] PM: Registered nosave memory: [mem 0x000a0000-0x000effff]
[    0.000000] PM: egisterd nosave memory: [mem 0x000f0000-0x00ffffff]
[    0.000000] e82: [mem 0x40000000-0xfebfffff] available for PCI devices
[    0.000000] Booti paravirtualized kernel on KVM
[    0.000000] clocksource: refined-jiffies: mask: 0xffffffff max_cycles: 0xffffffff, max_idle_ns: 7645519600211568 ns
[    0.000000] setup_percpu: NR_CPUS:512 nr_cpumask_bits:512 nr_cpu_ids:2 nr_node_ids:1
[    0.000000] PERCPU: Embedded 34 pages/cpu @ffff88003fc000 s99544 r8192 d31528 u1048576
[    0.000000] PV qspinlock hash table entries: 256 (order: 0, 4096 bytes)
[    0.000000] Built 1 zonelists in Node order, mobility grouping on.  Total pages: 257912
[    0.000000] Policy zone: DMA32
[    0.000000] Kernel command line:: BOOTIMAGE=/boot/vmlinuz-4.4.0-130generic root=LABEL=cloudimg-rootfs ro console=tty1 console=ttyS0
[    0.000000] PID hash table entries: 4096 (order: 3, 32768 bytes)
[    0.000000] Memory: 1001612K/104810K available (8546K kernel ccode, 1313K rwdata, 4000K rodata, 1516K init, 1316K bss, 46508K reserved, 0K cma-reserved)
[    0.000000] SLUB: HWalign=64, Order=0-3, MinObjects=0, CPUs=2, Nodes=1
[    0.000000] Kernel/Uer page tables isolation: enabled
[    0.000000] Hierarchical RCU implementation.
[    0.000000] 	Build-time adjustment of leaf fanout to 64.
[    0.000000] 	RCU restricting CPUs from NR_CPUS=512 to nr_cpu_ids=2.
[    0.000000] RCU: Adjusting geometry for rcu_fanout_leaf=64, nr_cpu_ids=2
[    0.0000] NR_IRQS:33024 nr_irqs:440 16
[    0.000000] Consoe: colour VGA+ 80x25
[    0.000000] console [tty1] enabled
[    0.000000] conssole [ttyS0] enabled
[    0.000000] tsc: Detected 1599.999 MHz processor
[    1.301824] Calibrating delay loop (skipped) preset value.. 3199.9 BogoMIPS (lpj=6399996)
[    1.32230] pid_max: default: 32768 minimum: 301
[    1.340710] ACPI: Core revision 20150930
[    1.344488] ACPI: 2 ACPI AML tables successfully acquired and loaded
[    1.355497] Security Framework initialized
[    1.361013] Yama: becoming mindful.
[    1.363271] AppArmor: AppArmor initialized
[    1.370393] Dentry cache hash table entries: 131072 (order: 8, 1048576 bytes)
[    1.382579] Inode-cache hash table entries: 65536 (order: 7, 524288 bytes)
[    1.392181] Mount-cache hash table entries: 2048 (order: 2, 16384 bytes)
[    1.396723] Mountpoint-cache hash table entries: 2048 (order: 2, 16384 bytes)
[    1.401329] Initializing cgroup subsys io
[    1.404127] Initializing cgroup subsys memory
[    1.408731] Initializing cgroup subsys devices
[    1.411713] Initializing cgroup subsys freezer
[    1.415049] Initializing cgroup subsys net_cls
[    1.417974] Initializing cgroup subsys perf_event
[    1.421135] Initializing cgroup subsys net_prio
[    1.431978] Initializing cgroup subsys hugetlb
[    1.443809] Initializing cgroup subsys pids
[    1.446392] CPU: Physical Processor ID: 0
[    1.449008] CPU: Processor Core ID: 0
[    1.452852] mce: CPU supports 0 MCE banks
[    1.456951] Last level iTLB entries: 4KB 64, 2MB 8, 4MB 8
[    1.476790] Last level dTLB entries: 4KB 64, 2MB 0, 4MB 0, 1GB 4
[    1.508460] Spectre V2 : Mitigation: Full generic retpoline
[    1.546579] Spectre V2 : Speculation control IBPB not-supported IBRS not-supported
[    1.569131] Speculative Store Bypass: Vulnerable
[    1.587618] Freeing SMP alternatives memory: 32K
[    1.610716] ftrace: allocating 32245 entries in 126 pages
[    1.685137] smpboot: APIC(0) Converting physical 0 to logical package 0
[    1.698133] smpboot: Max logical packages: 1
[    1.702032] x2apic enabled
[    1.704477] Switched APIC routing to physical x2apic.
[    1.710967] ..TIMER: vector=0x30 apic1=0 pin1=2 apic2=-1 pin2=-1
[    1.827617] smpboot: CPU0: Intel(R) Core(TM) i5-5250U CPU @ 1.60GHz (family: 0x6, model: 0x3d, stepping: 0x4)
[    1.842979] Performance Events: unsupported p6 CPU model 61 no PMU driver, software events only.
[    1.857049] KVM setup paravirtual spinlock
[    1.865665] x86: Booting SMP configuration:
[    1.870322] .... node  #0, CPUs:      #1
[    1.878752] kvm-clock: cpu 1, msr 0:3ffe3041, secondary cpu clock
[    1.882583] mce: CPU supports 0 MCE banks
[    1.889104] x86: Booted up 1 node, 2 CPUs
[    1.899681] smpboot: Total of 2 processors activated (6399.99 BogoMIPS)
[    1.908698] devtmpfs: initialized
[    1.913655] evm: security.selinux
[    1.917826] evm: security.SMACK64
[    1.923466] evm: security.SMACK64EXEC
[    1.927911] evm: security.SMACK64TRANSMUTE
[    1.933022] evm: security.SMACK64MMAP
[    1.936362] evm: security.ima
[    1.938557] evm: security.capability
[    1.943283] clocksource: jiffies: mask: 0xffffffff max_cycles: 0xffffffff, max_idle_ns: 7645041785100000 ns
[    1.949492] futex hash table entries: 512 (order: 3, 32768 bytes)
[    1.958012] pinctrl core: initialized pinctrl subsystem
[    1.961552] RTC time:  0:12:14, date: 07/26/18
[    1.966657] NET: Registered protocol family 16
[    1.983818] cpuidle: using governor ladder
[    2.011040] cpuidle: using governor menu
[    2.033684] PCCT header not found.
[    2.035836] ACPI: bus type PCI registered
[    2.049063] acpiphp: ACPI Hot Plug PCI Controller Driver version: 0.5
[    2.068240] PCI: Using configuration type 1 for base access
[    2.087221] ACPI: Added _OSI(Module Device)
[    2.094520] ACPI: Added _OSI(Processor Device)
[    2.100250] ACPI: Added _OSI(3.0 _SCP Extensions)
[    2.107433] ACPI: Added _OSI(Processor Aggregator Device)
[    2.114859] ACPI: Executed 1 blocks of module-level executable AML code
[    2.130239] ACPI: Interpreter enabled
[    2.135370] ACPI: (supports S0 S5)
[    2.139378] ACPI: Using IOAPIC for interrupt routing
[    2.145647] PCI: Using host bridge windows from ACPI; if necessary, use "pci=nocrs" and report a bug
[    2.160382] ACPI: PCI Root Bridge [PCI0] (domain 0000 [bus 00-ff])
[    2.167658] acpi PNP0A03:00: _OSC: OS supports [ASPM ClockPM Segments MSI]
[    2.175115] acpi PNP0A03:00: _OSC: not requesting OS control; OS requires [ExtendedConfig ASPM ClockPM MSI]
[    2.185926] acpi PNP0A03:00: fail to add MMCONFIG information, can't access extended PCI configuration space under this bridge.
[    2.201009] PCI host bridge to bus 0000:00
[    2.205735] pci_bus 0000:00: root bus resource [io  0x0000-0x0cf7 window]
[    2.213276] pci_bus 0000:00: root bus resource [io  0x0d00-0xffff window]
[    2.220768] pci_bus 0000:00: root bus resource [mem 0x000a0000-0x000bffff window]
[    2.229974] pci_bus 0000:00: root bus resource [mem 0x40000000-0xfdffffff window]
[    2.241070] pci_bus 0000:00: root bus resource [bus 00-ff]
[    2.252136] pci 0000:00:01.1: legacy IDE quirk: reg 0x10: [io  0x01f0-0x01f7]
[    2.263198] pci 0000:00:01.1: legacy IDE quirk: reg 0x14: [io  0x03f6]
[    2.275458] pci 0000:00:01.1: legacy IDE quirk: reg 0x18: [io  0x0170-0x0177]
[    2.296351] pci 0000:00:01.1: legacy IDE quirk: reg 0x1c: [io  0x0376]
[    2.330824] pci 0000:00:07.0: quirk: [io  0x4000-0x403f] claimed by PIIX4 ACPI
[    2.335178] pci 0000:00:07.0: quirk: [io  0x4100-0x410f] claimed by PIIX4 SMB
[    2.357474] ACPI: PCI Interrupt Link [LNKA] (IRQs 5 9 10 *11)
[    2.363523] ACPI: PCI Interrupt Link [LNKB] (IRQs 5 9 *10 11)
[    2.369288] ACPI: PCI Interrupt Link [LNKC] (IRQs 5 *9 10 11)
[    2.379257] ACPI: PCI Interrupt Link [LNKD] (IRQs 5 9 10 *11)
[    2.389264] ACPI: Enabled 2 GPEs in block 00 to 07
[    2.400200] vgaarb: setting as boot device: PCI:0000:00:02.0
[    2.411366] vgaarb: device added: PCI:0000:00:02.0,decodes=io+mem,owns=io+mem,locks=none
[    2.417915] vgaarb: loaded
[    2.419657] vgaarb: bridge control possible 0000:00:02.0
[    2.425002] SCSI subsystem initialized
[    2.427974] ACPI: bus type USB registered
[    2.430803] usbcore: registered new interface driver usbfs
[    2.434355] usbcore: registered new interface driver hub
[    2.437567] usbcore: registered new device driver usb
[    2.450777] PCI: Using ACPI for IRQ routing
[    2.453973] NetLabel: Initializing
[    2.456213] NetLabel:  domain hash size = 128
[    2.459105] NetLabel:  protocols = UNLABELED CIPSOv4
[    2.464173] NetLabel:  unlabeled traffic allowed by default
[    2.467825] amd_nb: Cannot enumerate AMD northbridges
[    2.472558] clocksource: Switched to clocksource kvm-clock
[    2.490792] AppArmor: ApArmor Filesystem Enabled
[    2.520208] pnp: PnP ACPI init[    2.548887] pnp: PnP ACPI: found 3 devices
[    2.610222] clocksource: acpi_pm: mask: 0xffffff x_cycles:0xfffff, m_idle_ns: 2085701024 ns
[    2.820750]NET: Registered protocol family 2

[    2.849461] TCP established hash table entries: 8192 (order: 4, 65536 bytes)
[    2.854129] TCP bind hash table entries: 8192 (order: 5, 13102 bytes)
[    2.88490] TCP: Hash tables configured (established 8192 bind 8192)
[   2.916861] UDP hash table entries: 512 (order: 2, 16384 bytes)
[    2.949361] UDP-Lite hash table entries: 512 (order: 2, 16384 bytes)
[    2.952941] NET: Registered protocol family 1
[    2.955792] pci 0000:00:00.0: Limiting direct PCI/PCI transfers
[    2.959504] pci 0000:00:01.0: Activating ISA DMA hang workarounds
[    2.963953] Unpacking initramfs...

[    5.104333] Freeing initrd memory: 10904K
[    5.120801] RAPL PMU detected, API unit is 2^-32 Joules, 4 fixed counters 10737418240 ms ovfl timer
[    5.164028] hw unit of domain pp0-core 2^-0 Joules
[    5.171503] hw unit of domain package 2^-0 Joules
[    5.203297] hw unit of domain dram 2^-0 Joules
[    5.248475] hw unit of domain pp1-gpu 2^-0 Joules
[    5.282922] platform rtc_cmos: registered platform RTC device (no PNP device found)
[    5.307203] Scanning for low memory corruption every 60 seconds
[    5.314936] audit: initializing netlink subsys (disabled)
[    5.327860] audit: type=2000 audit(1532563941.867:1): initialized
[    5.331765] Initialise system trusted keyring
[    5.334986] HugeTLB registered 2 MB page size, pre-allocated 0 pages
[    5.340573] zbud: loaded
[    5.343073] VFS: Disk quotas dquot_6.6.0
[    5.351458] VFS: Dquot-cache hash table entries: 512 (order 0, 4096 bytes)
[    5.356155] squashfs: version 4.0 (2009/01/31) Phillip Lougher
[    5.361334] fuse init (API version 7.23)
[    5.364120] Key type big_key registered
[    5.366904] Allocating IMA MOK and blacklist keyrings.
[    5.373914] Key type asymmetric registered
[    5.376898] Asymmetric key parser 'x509' registered
[    5.384568] Block layer SCSI generic (bsg) driver version 0.4 loaded (major 249)
[    5.389643] io scheduler noop registered
[    5.392972] io scheduler deadline registered (default)
[    5.396368] io scheduler cfq registered
[    5.399019] pci_hotplug: PCI Hot Plug PCI Core version: 0.5
[    5.405475] pciehp: PCI Express Hot Plug Controller Driver version: 0.4
[    5.413260] ACPI: AC Adapter [AC] (off-line)
[    5.416278] input: Power Button as /devices/LNXSYSTM:00/LNXPWRBN:00/input/input0
[    5.421405] ACPI: Power Button [PWRF]
[    5.425923] input: Sleep Button as /devices/LNXSYSTM:00/LNXSLPBN:00/input/input1
[    5.430384] ACPI: Sleep Button [SLPF]
[    5.433171] GHES: HEST is not enabled!
[    5.443737] ACPI: Battery Slot [BAT0] (battery present)
[    5.447265] Serial: 8250/16550 driver, 32 ports, IRQ sharing enabled
[    5.561721] 00:02: ttyS0 at I/O 0x3f8 (irq = 4, base_baud = 115200) is a 16550A
[    5.652116] Linux agpgart interface v0.103
[    5.713322] loop: module loaded
[    5.737231] scsi host0: ata_piix
[    5.775043] scsi host1: ata_piix
[    5.816536] ata1: PATA max UDMA/33 cmd 0x1f0 ctl 0x3f6 bmdma 0xd000 irq 14
[    5.831265] ata2: PATA max UDMA/33 cmd 0x170 ctl 0x376 bmdma 0xd008 irq 15
[    5.838062] libphy: Fixed MDIO Bus: probed
[    5.851078] tun: Universal TUN/TAP device driver, 1.6
[    5.855833] tun: (C) 1999-2004 Max Krasnyansky <maxk@qualcomm.com>
[    5.863300] PPP generic driver version 2.4.2
[    5.867176] ehci_hcd: USB 2.0 'Enhanced' Host Controller (EHCI) Driver
[    5.872406] ehci-pci: EHCI PCI platform driver
[    5.880274] ehci-platform: EHCI generic platform driver
[    5.887905] ohci_hcd: USB 1.1 'Open' Host Controller (OHCI) Driver
[    5.893628] ohci-pci: OHCI PCI platform driver
[    5.897387] ohci-platform: OHCI generic platform driver
[    5.902077] uhci_hcd: USB Universal Host Controller Interface driver
[    5.908994] i8042: PNP: PS/2 Controller [PNP0303:PS2K,PNP0f03:PS2M] at 0x60,0x64 irq 1,12
[    5.918435] serio: i8042 KBD port at 0x60,0x64 irq 1
[    5.922309] serio: i8042 AUX port at 0x60,0x64 irq 12
[    5.927072] mousedev: PS/2 mouse device common for all mice
[    5.932396] input: AT Translated Set 2 keyboard as /devices/platform/i8042/serio0/input/input2
[    5.939208] rtc_cmos rtc_cmos: rtc core: registered rtc_cmos as rtc0
[    5.948339] rtc_cmos rtc_cmos: alarms up to one day, 114 bytes nvram
[    5.960047] i2c /dev entries driver
[    5.963589] device-mapper: uevent: version 1.0.3
[    5.966655] device-mapper: ioctl: 4.34.0-ioctl (2015-10-28) initialised: dm-devel@redhat.com
[    5.977729] ledtrig-cpu: registered to indicate activity on CPUs
[    5.982636] NET: Registered protocol family 10
[    5.999502] NET: Registered protocol family 17
[    6.002525] Key type dns_resolver registered
[    6.010641] registered taskstats version 1
[    6.019504] Loading compiled-in X.509 certificates
[    6.022899] Loaded X.509 cert 'Build time autogenerated kernel key: b3e0fe4bcd6378c38a2c0a4648abbc1fa5043a22'
[    6.030292] zswap: loaded using pool lzo/zbud
[    6.040340] Key type trusted registered
[    6.053278] Key type encrypted registered
[    6.056243] AppArmor: AppArmor sha1 policy hashing enabled
[    6.065245] ima: No TPM chip found, activating TPM-bypass!
[    6.076058] ima: Allocated hash algorithm: sha1
[    6.138999] evm: HMAC attrs: 0x1
[    6.160419]   Magic number: 10:125:204
[    6.184119] rtc_cmos rtc_cmos: setting system clock to 2018-07-26 00:12:18 UTC (1532563938)
[    6.256259] BIOS EDD facility v0.16 2004-Jun-25, 0 devices found
[    6.280888] tsc: Refined TSC clocksource calibration: 1600.848 MHz
[    6.280890] clocksource: tsc: mask: 0xffffffffffffffff max_cycles: 0x1713461e171, max_idle_ns: 440795248958 ns
[    6.351883] EDD information not available.
[    6.358226] Freeing unused kernel memory: 1516K
[    6.376849] Write protecting the kernel read-only data: 14336k
[    6.385564] Freeing unused kernel memory: 1680K
[    6.393786] Freeing unused kernel memory: 96K
Loading, please wait...
starting version 229
[    6.420171] random: systemd-udevd: uninitialized urandom read (16 bytes read, 5 bits of entropy available)
[    6.420434] random: udevadm: uninitialized urandom read (16 bytes read, 5 bits of entropy available)
[    6.420469] random: udevadm: uninitialized urandom read (16 bytes read, 5 bits of entropy available)
[    6.433645] random: udevadm: uninitialized urandom read (16 bytes read, 5 bits of entropy available)
[    6.433722] random: udevadm: uninitialized urandom read (16 bytes read, 5 bits of entropy available)
[    6.433968] random: udevadm: uninitialized urandom read (16 bytes read, 5 bits of entropy available)
[    6.434062] random: udevadm: uninitialized urandom read (16 bytes read, 5 bits of entropy available)
[    6.434159] random: udevadm: uninitialized urandom read (16 bytes read, 5 bits of entropy available)
[    6.434252] random: udevadm: uninitialized urandom read (16 bytes read, 5 bits of entropy available)
[    6.434339] random: udevadm: uninitialized urandom read (16 bytes read, 5 bits of entropy available)
[    6.880236] e1000: Intel(R) PRO/1000 Network Driver - version 7.3.21-k8-NAPI
[    6.885661] e1000: Copyright (c) 1999-2006 Intel Corporation.
[    6.898552] Fusion MPT base driver 3.04.20
[    6.901333] Copyright (c) 1999-2008 LSI Corporation
[    6.936745] AVX2 version of gcm_enc/dec engaged.
[    6.942747] AES CTR mode by8 optimization enabled
[    6.949101] Fusion MPT SPI Host driver 3.04.20
[    7.128228] input: ImExPS/2 Generic Explorer Mouse as /devices/platform/i8042/serio1/input/input4
[    7.375108] e1000 0000:00:03.0 eth0: (PCI:33MHz:32-bit) 02:c5:fa:e6:4f:6d
[    7.417261] e1000 0000:00:03.0 eth0: Intel(R) PRO/1000 Network Connection
[    7.851629] e1000 0000:00:08.0 eth1: (PCI:33MHz:32-bit) 08:00:27:de:0e:ef
[    7.864230] e1000 0000:00:08.0 eth1: Intel(R) PRO/1000 Network Connection
[    7.901920] mptbase: ioc0: Initiating bringup
[    7.902268] e1000 0000:00:03.0 enp0s3: renamed from eth0
[    7.937533] e1000 0000:00:08.0 enp0s8: renamed from eth1
[    8.010386] ioc0: LSI53C1030 A0: Capabilities={Initiator}
[    8.708297] scsi host2: ioc0: LSI53C1030 A0, FwRev=00000000h, Ports=1, MaxQ=256, IRQ=20
[    9.010858] scsi 2:0:0:0: Direct-Access     VBOX     HARDDISK         1.0  PQ: 0 ANSI: 5
[    9.033867] scsi target2:0:0: Beginning Domain Validation
[    9.041301] scsi target2:0:0: Domain Validation skipping write tests
[    9.045125] scsi target2:0:0: Ending Domain Validation
[    9.057984] scsi target2:0:0: asynchronous
[    9.063379] scsi 2:0:1:0: Direct-Access     VBOX     HARDDISK         1.0  PQ: 0 ANSI: 5
[    9.282492] scsi target2:0:1: Beginning Domain Validation
[    9.290606] scsi target2:0:1: Domain Validation skipping write tests
[    9.297432] scsi target2:0:1: Ending Domain Validation
[    9.303662] scsi target2:0:1: asynchronous
[    9.320633] sd 2:0:0:0: Attached scsi generic sg0 type 0
[    9.326130] sd 2:0:0:0: [sda] 20971520 512-byte logical blocks: (10.7 GB/10.0 GiB)
[    9.332137] sd 2:0:1:0: [sdb] 20480 512-byte logical blocks: (10.5 MB/10.0 MiB)
[    9.344458] sd 2:0:1:0: Attached scsi generic sg1 type 0
[    9.351544] sd 2:0:0:0: [sda] Write Protect is off
[    9.351567] sd 2:0:1:0: [sdb] Write Protect is off
[    9.351762] sd 2:0:1:0: [sdb] Incomplete mode parameter data
[    9.351765] sd 2:0:1:0: [sdb] Assuming drive cache: write through
[    9.376871] sd 2:0:1:0: [sdb] Attached SCSI disk
[    9.387194] sd 2:0:0:0: [sda] Incomplete mode parameter data
[    9.400517] sd 2:0:0:0: [sda] Assuming drive cache: write through
[    9.409142]  sda: sda1
[    9.415180] sd 2:0:0:0: [sda] Attached SCSI disk
Begin: Loading essential drivers ... [   11.003415] md: linear personality registered for level -1
[   11.029089] md: multipath personality registered for level -4
[   11.051107] md: raid0 personality registered for level 0
[   11.068992] md: raid1 personality registered for level 1
[   11.152914] raid6: sse2x1   gen()  6568 MB/s
[   11.224836] raid6: sse2x1   xor()  5355 MB/s
[   11.300614] raid6: sse2x2   gen()  9522 MB/s
[   11.368797] raid6: sse2x2   xor()  6418 MB/s
[   11.436984] raid6: sse2x4   gen() 10734 MB/s
[   11.528789] raid6: sse2x4   xor()  3167 MB/s
[   11.648664] raid6: avx2x1   gen()  8359 MB/s
[   11.732767] raid6: avx2x2   gen() 13367 MB/s
[   11.800665] raid6: avx2x4   gen() 20503 MB/s
[   11.804878] raid6: using algorithm avx2x4 gen() 20503 MB/s
[   11.824664] raid6: using avx2x2 recovery algorithm
[   11.835907] xor: automatically using best checksumming function:
[   11.901027]    avx       : 20218.000 MB/sec
[   11.930164] async_tx: api initialized (async)
[   11.989248] md: raid6 personality registered for level 6
[   12.040740] md: raid5 personality registered for level 5
[   12.059300] md: raid4 personality registered for level 4
[   12.071490] md: raid10 personality registered for level 10
done.
Begin: Running /scripts/init-premount ... done.
Begin: Mounting root file system ... Begin: Running /scripts/local-top ... done.
Begin: Running /scripts/local-premount ... [   12.125600] Btrfs loaded
Scanning for Btrfs filesystems
done.
Warning: fsck not present, so skipping root file system
[   12.215633] EXT4-fs (sda1): mounted filesystem with ordered data mode. Opts: (null)
done.
Begin: Running /scripts/local-bottom ... done.
Begin: Running /scripts/init-bottom ... done.
[   12.521730] systemd[1]: systemd 229 running in system mode. (+PAM +AUDIT +SELINUX +IMA +APPARMOR +SMACK +SYSVINIT +UTMP +LIBCRYPTSETUP +GCRYPT +GNUTLS +ACL +XZ -LZ4 +SECCOMP +BLKID +ELFUTILS +KMOD -IDN)
[   12.532467] systemd[1]: Detected virtualization oracle.
[   12.539383] systemd[1]: Detected architecture x86-64.

Welcome to [1mUbuntu 16.04.4 LTS[0m!

[   12.557832] systemd[1]: Set hostname to <ubuntu>.
[   12.581226] systemd[1]: Initializing machine ID from random generator.
[   12.587939] systemd[1]: Installed transient /etc/machine-id file.
[   13.350910] systemd[1]: Reached target System Time Synchronized.
[[0;32m  OK  [0m] Reached target System Time Synchronized.
[   13.367184] systemd[1]: Reached target Swap.
[[0;32m  OK  [0m] Reached target Swap.
[   13.381821] systemd[1]: Listening on Journal Audit Socket.
[[0;32m  OK  [0m] Listening on Journal Audit Socket.
[   13.421262] systemd[1]: Listening on udev Kernel Socket.
[[0;32m  OK  [0m] Listening on udev Kernel Socket.
[   13.442400] systemd[1]: Started Forward Password Requests to Wall Directory Watch.
[[0;32m  OK  [0m] Started Forward Password Requests to Wall Directory Watch.
[   13.454774] systemd[1]: Started Trigger resolvconf update for networkd DNS.
[[0;32m  OK  [0m] Started Trigger resolvconf update for networkd DNS.
[   13.499855] systemd[1]: Created slice System Slice.
[[0;32m  OK  [0m] Created slice System Slice.
[   13.508585] systemd[1]: Reached target Encrypted Volumes.
[[0;32m  OK  [0m] Reached target Encrypted Volumes.
[   13.521125] systemd[1]: Created slice User and Session Slice.
[[0;32m  OK  [0m] Created slice User and Session Slice.
[   13.530047] systemd[1]: Reached target Slices.
[[0;32m  OK  [0m] Reached target Slices.
[   13.537393] systemd[1]: Listening on Journal Socket (/dev/log).
[[0;32m  OK  [0m] Listening on Journal Socket (/dev/log).
[   13.546366] systemd[1]: Listening on /dev/initctl Compatibility Named Pipe.
[[0;32m  OK  [0m] Listening on /dev/initctl Compatibility Named Pipe.
[   13.565529] systemd[1]: Listening on LVM2 metadata daemon socket.
[[0;32m  OK  [0m] Listening on LVM2 metadata daemon socket.
[   13.577136] systemd[1]: Set up automount Arbitrary Executable File Formats File System Automount Point.
[[0;32m  OK  [0m] Set up automount Arbitrary Executab...ats File System Automount Point.
[   13.592281] systemd[1]: Listening on LVM2 poll daemon socket.
[[0;32m  OK  [0m] Listening on LVM2 poll daemon socket.
[   13.600711] systemd[1]: Reached target User and Group Name Lookups.
[[0;32m  OK  [0m] Reached target User and Group Name Lookups.
[   13.665078] systemd[1]: Listening on Journal Socket.
[[0;32m  OK  [0m] Listening on Journal Socket.
[   13.745730] systemd[1]: Starting Set console keymap...
         Starting Set console keymap...
[   13.759378] systemd[1]: Starting Create list of required static device nodes for the current kernel...
         Starting Create list of required st... nodes for the current kernel...
[   13.801172] systemd[1]: Mounting Huge Pages File System...
         Mounting Huge Pages File System...
[   13.812177] systemd[1]: Starting Nameserver information manager...
         Starting Nameserver information manager...
[   13.852951] systemd[1]: Starting Load Kernel Modules...
         Starting Load Kernel Modules...
[   13.869488] systemd[1]: Starting Uncomplicated firewall...
[   13.891069] Loading iSCSI transport class v2.0-870.
         Starting Uncomplicated firewall.[   13.899830] random: nonblocking pool is initialized
..
[   13.911435] systemd[1]: Mounting Debug File System...
         Mounting Debug File System...
[   13.920668] systemd[1]: Created slice system-serial\x2dgetty.slice.
[[0;32m  OK  [0m] Created slice system-serial\x2dgetty.slice.
[   13.930056] systemd[1]: Listening on Syslog Socket.
[   13.930087] iscsi: registered transport (tcp)
[[0;32m  OK  [0m] Listening on Syslog Socket.
[   13.960830] systemd[1]: Starting Journal Service...
         Starting Journal Service...
[   13.979458] systemd[1]: Mounting POSIX Message Queue File System...
         Mounting POSIX Message Queue File System...
[   14.008293] iscsi: registered transport (iser)
[   14.016958] systemd[1]: Listening on udev Control Socket.
[[0;32m  OK  [0m] Listening on udev Control Socket.
[   14.061999] systemd[1]: Starting Remount Root and Kernel File Systems...
         Starting Remount[   14.091390] EXT4-fs (sda1): re-mounted. Opts: (null)
 Root and Kernel File Systems...
[   14.176814] systemd[1]: Listening on Device-mapper event daemon FIFOs.
[[0;32m  OK  [0m] Listening on Device-mapper event daemon FIFOs.
[   14.313592] systemd[1]: Starting Monitoring of LVM2 mirrors, snapshots etc. using dmeventd or progress polling...
         Starting Monitoring of LVM2 mirrors... dmeventd or progress polling...
[   14.451023] systemd[1]: Mounted POSIX Message Queue File System.
[[0;32m  OK  [0m] Mounted POSIX Message Queue File System.
[   14.493764] systemd[1]: Mounted Huge Pages File System.
[[0;32m  OK  [0m] Mounted Huge Pages File System.
[   14.508082] systemd[1]: Mounted Debug File System.
[[0;32m  OK  [0m] Mounted Debug File System.
[   14.520102] systemd[1]: Started Journal Service.
[[0;32m  OK  [0m] Started Journal Service.
[[0;32m  OK  [0m] Started Set console keymap.
[[0;32m  OK  [0m] Started Create list of required sta...ce nodes for the current kernel.
[[0;32m  OK  [0m] Started Load Kernel Modules.
[[0;32m  OK  [0m] Started Uncomplicated firewall.
[[0;32m  OK  [0m] Started Remount Root and Kernel File Systems.
[[0;32m  OK  [0m] Started Nameserver information manager.
[[0;32m  OK  [0m] Started LVM2 metadata daemon.
         Starting Load/Save Random Seed...
         Starting udev Coldplug all Devices...
         Mounting FUSE Control File System...
         Starting Apply Kernel Variables...
         Starting Create Static Device Nodes in /dev...
         Starting Flush Journal to Persistent Storage...
[[0;32m  OK  [0m] Mounted FUSE Control File System.
[[0;32m  OK  [0m] Started Load/Save Random Seed.
[[0;32m  OK  [0m] Started Apply Kernel Variables.
[[0;32m  OK  [0m] Started Create Static Device Nodes in /dev.
[[0;32m  OK  [0m] Started udev Coldplug all Devices.
[[0;32m  OK  [0m] Started Flush Journal to Persistent Storage.
         Starting udev Kernel Device Manager...
[[0;32m  OK  [0m] Started Monitoring of LVM2 mirrors,...ng dmeventd or progress polling.
[[0;32m  OK  [0m] Started udev Kernel Device Manager.
[[0;32m  OK  [0m] Reached target Local File Systems (Pre).
[[0;32m  OK  [0m] Reached target Local File Systems.
         Starting Tell Plymouth To Write Out Runtime Data...
         Starting Initial cloud-init job (pre-networking)...
         Starting Commit a transient machine-id on disk...
         Starting LSB: AppArmor initialization...
         Starting Set console font and keymap...
         Starting Create Volatile Files and Directories...
[[0;32m  OK  [0m] Started Dispatch Password Requests to Console Directory Watch.
[[0;32m  OK  [0m] Started Tell Plymouth To Write Out Runtime Data.
[[0;32m  OK  [0m] Started Commit a transient machine-id on disk.
[[0;32m  OK  [0m] Started Create Volatile Files and Directories.
[[0;32m  OK  [0m] Found device /dev/ttyS0.
[[0;32m  OK  [0m] Listening on Load/Save RF Kill Switch Status /dev/rfkill Watch.
         Starting Update UTMP about System Boot/Shutdown...
[[0;32m  OK  [0m] Started LSB: AppArmor initialization.
[[0;32m  OK  [0m] Started Update UTMP about System Boot/Shutdown.
[[0;32m  OK  [0m] Started Set console font and keymap.
[[0;32m  OK  [0m] Created slice system-getty.slice.
[   16.112533] cloud-init[502]: Cloud-init v. 18.2 running 'init-local' at Thu, 26 Jul 2018 00:12:29 +0000. Up 15.52 seconds.
[[0;32m  OK  [0m] Started Initial cloud-init job (pre-networking).
[[0;32m  OK  [0m] Reached target Network (Pre).
         Starting Raise network interfaces...
[[0;32m  OK  [0m] Started Raise network interfaces.
         Starting Initial cloud-init job (metadata service crawler)...
[[0;32m  OK  [0m] Reached target Network.
[   18.230260] cloud-init[982]: Cloud-init v. 18.2 running 'init' at Thu, 26 Jul 2018 00:12:31 +0000. Up 17.12 seconds.
[   18.249220] cloud-init[982]: ci-info: ++++++++++++++++++++++++++++++++++++++Net device info++++++++++++++++++++++++++++++++++++++
[   18.321067] cloud-init[982]: ci-info: +--------+-------+----------------------------+---------------+-------+-------------------+
[   18.321993] cloud-init[982]: ci-info: | Device |   Up  |          Address           |      Mask     | Scope |     Hw-Address    |
[[0;32m  OK  [0m] Started Initial cloud-init job (metadata service crawler).
[   18.324011] cloud-init[982]: ci-info: +--------+-------+----------------------------+---------------+-------+-------------------+
[[   18.495994] cloud-init[982]: ci-info: | enp0s3 |  True |         10.0.2.15          | 255.255.255.0 |   .   | 02:c5:fa:e6:4f:6d |
[   18.497589] cloud-init[982]: ci-info: | enp0s3 |  True | fe80::c5:faff:fee6:4f6d/64 |       .       |  link | 02:c5:fa:e6:4f:6d |
[0;32m  OK  [0m] Reached target Cloud-config availability.
[   18.498282] cloud-init[982]: ci-info: | enp0s8 | False |             .              |       .       |   .   | 08:00:27:de:0e:ef |
[[0;32m  OK  [0m] Reached target Network is Online.
[   18.594320] cloud-init[982]: ci-info: |   lo   |  True |         127.0.0.1          |   255.0.0.0   |   .   |         .         |
[   18.711596] cloud-init[982]: ci-info: |   lo   |  True |          ::1/128           |       .       |  host |         .         |
[   18.712318] cloud-init[982]: ci-info: +--------+-------+----------------------------+---------------+-------+-------------------+
         Starting iSCSI initiator daemon (iscsid)...
[   18.712528] cloud-init[982]: ci-info: +++++++++++++++++++++++++++Route IPv4 info++++++++++++++++++++++++++++
[   18.746570] cloud-init[982]: ci-info: +-------+-------------+----------+---------------+-----------+-------+
[   18.748617] cloud-init[982]: ci-info: | Route | Destination | Gateway  |    Genmask    | Interface | Flags |
[   18.756329] cloud-init[982]: ci-info: +-------+-------------+----------+---------------+-----------+-------+
[   18.756963] cloud-init[982]: ci-info: |   0   |   0.0.0.0   | 10.0.2.2 |    0.0.0.0    |   enp0s3  |   UG  |
[   18.759592] cloud-init[982]: ci-info: |   1   |   10.0.2.0  | 0.0.0.0  | 255.255.255.0 |   enp0s3  |   U   |
[   18.761990] cloud-init[982]: ci-info: +-------+-------------+----------+---------------+-----------+-------+
[   18.763094] cloud-init[982]: Generating public/private rsa key pair.
[   18.763753] cloud-init[982]: Your identification has been saved in /etc/ssh/ssh_host_rsa_key.
[   18.764715] cloud-init[982]: Your public key has been saved in /etc/ssh/ssh_host_rsa_key.pub.
[   18.767020] cloud-init[982]: The key fingerprint is:
[   18.767838] cloud-init[982]: SHA256:fvPSL8VM7qTkUO7gK4MX+JJHPXRsaxixWeJzxhZgDqg root@ubuntu-xenial
[   18.771038] cloud-init[982]: The key's randomart image is:
[   18.772572] cloud-init[982]: +---[RSA 2048]----+
[   18.773933] cloud-init[982]: |       .. o.     |
[   18.776269] cloud-init[982]: |      .  +o o    |
[   18.776943] cloud-init[982]: |     .   ..O .   |
[   18.779037] cloud-init[982]: |    E     B X .  |
[   18.779653] cloud-init[982]: |       .So % *   |
[   18.785252] cloud-init[982]: |      ..o * = *  |
[[0;32m  OK  [0m] Reached target System Initialization.
[   18.787380] cloud-init[982]: |       =.ooX =   |
[   18.836949] cloud-init[982]: |      + *.oo* .  |
[   18.837474] cloud-init[982]: |       + o.o.o.  |
[   18.840215] cloud-init[982]: +----[SHA256]-----+
[   18.841549] cloud-init[982]: Generating public/private dsa key pair.
[   18.842810] cloud-init[982]: Your identification has been saved in /etc/ssh/ssh_host_dsa_key.
[[0;32m  OK  [0m] Started ACPI Events Check.
[   18.843359] cloud-init[982]: Your public key has been saved in /etc/ssh/ssh_host_dsa_key.pub.
[   18.873978] cloud-init[982]: The key fingerprint is:
[   18.874513] cloud-init[982]: SHA256:1tKxxnCUNFjwVbN8wXR8qJ+gDHXYui1wbURq2bkU4Mo root@ubuntu-xenial
[   18.877529] cloud-init[982]: The key's randomart image is:
[[0;32m  OK  [0m] Reached target Paths.
[   18.878220] cloud-init[982]: +---[DSA 1024]----+
[   18.896353] cloud-init[982]: |        .=**+.==.|
[   18.896871] cloud-init[982]: |        .++*++.+=|
[   18.896913] cloud-init[982]: |        ..O=+.o o|
[   18.899335] cloud-init[982]: |       .oOo+=. . |
[   18.901075] cloud-init[982]: |        E=*=.o . |
[   18.902655] cloud-init[982]: |       . o= . o  |
         Starting Socket activation for snappy daemon.
[[   18.903578] cloud-init[982]: |           .     |
[   18.935567] cloud-init[982]: |                 |
[   18.938406] cloud-init[982]: |                 |
[   18.941110] cloud-init[982]: +----[SHA256]-----+
[   18.942041] cloud-init[982]: Generating public/private ecdsa key pair.
[   18.942835] cloud-init[982]: Your identification has been saved in /etc/ssh/ssh_host_ecdsa_key.
[   18.943785] cloud-init[982]: Your public key has been saved in /etc/ssh/ssh_host_ecdsa_key.pub.
[   18.947955] cloud-init[982]: The key fingerprint is:
[   18.949417] cloud-init[982]: SHA256:4kdOTwtRV4kSDfpOsLwNRXXXZlgP5cqqmpnFK1DALUw root@ubuntu-xenial
[   18.950286] cloud-init[982]: The key's randomart image is:
[   18.951272] cloud-init[982]: +---[ECDSA 256]---+
[   18.955978] cloud-init[982]: |     +E.  ==oo+==|
[   18.957555] cloud-init[982]: |      = .+..o.o+=|
[   18.958927] cloud-init[982]: |       o+ ..   oo|
[0;32m  OK  [0m] Listening on UUID daemon activation socket.
[   18.958993] cloud-init[982]: |       ..*   . . |
[   18.959037] cloud-init[982]: |      ..S +   o  |
[   19.026135] cloud-init[982]: |     ..= @ . .   |
[[0;32m  OK  [0m] Listening on ACPID Listen Socket.
[[   19.027558] cloud-init[982]: |      ..+ B .    |
[   19.047316] cloud-init[982]: |       ..= o     |
[0;32m  OK  [0m] Started Daily apt download activities.
         Starting LXD - unix socket.[   19.049413] 
cloud-init[982]: |        =oo      |
[   19.064833] cloud-init[982]: +----[SHA256]-----+
[   19.065360] cloud-init[982]: Generating public/private ed25519 key pair.
[[0;32m  OK  [0m] Listening on D-Bus System Message Bus Socket.
[[   19.069178] cloud-init[982]: Your identification has been saved in /etc/ssh/ssh_host_ed25519_key.
[   19.086401] cloud-init[982]: Your public key has been saved in /etc/ssh/ssh_host_ed25519_key.pub.
[0;32m  OK  [0m] Started Daily Cleanup of Temporary Directories.
[[0;32m  OK  [0m[   19.087140] ] cloud-initStarted Daily apt upgrade and clean activities.[982]: 
The key fingerprint is:
[   19.176590] cloud-init[982]: SHA256:j9pMvLtIjLPBTaXX+XjUhfaGqXi0cZ2juc3CaC2c6qs root@ubuntu-xenial
[   19.177611] cloud-init[982]: The key's randomart image is:
[[0;32m  OK  [0m] Reached target Timers.
[   19.179338] cloud-init[982]: +--[ED25519 256]--+
[   19.229634] cloud-init[982]: |                 |
[   19.230277] cloud-init[982]: |               . |
[[0;32m  OK  [0m] Listening on Socket activation for snappy daemon.
[[0;32m  OK  [0m] Listening on LXD - unix socket.
[[0;32m  OK  [0m] Started iSCSI initiator daemon (iscsid).
[   19.232211] cloud-init[982]: |        .     o .|
[   19.317542] cloud-init[982]: |       o . . o *.|
[   19.323463]          Starting Login to default iSCSI targets...
[[0;32m  OK  [0m] Reached target Sockets.
[[0;32m  OK  [0m] Reached target Basic System.
cloud-init[982]: |      o S o + =o+|
[   19.352234]          Starting Virtualbox guest utils...
cloud-init[982]: |   . = o o * =o..|
         Starting LSB: MD monitoring daemon...
         Starting Accounts Service...
[   19.364911] cloud-init[982]: |    = + + = @o   |
[   19.393305] [cloud-init[0;32m  OK  [0m[982]: ] |     = * . O ++  |Started Regular background program processing daemon.

         Starting Login Service...
[   19.412699] cloud-init[982]: |    . oEO*+ ...o |         Starting /etc/rc.local Compatibility...

[[0;32m  OK  [0m] Started Deferred execution scheduler.
[   19.435198] cloud-init[982]: +----[SHA256]-----+
[[0;32m  OK  [0m] Started D-Bus System Message Bus.
[[0;32m  OK  [0m] Started ACPI event daemon.
         Starting System Logging Service...
[[0;32m  OK  [0m] Started FUSE filesystem for LXC.
         Starting LXD - container startup/shutdown...
         Starting Apply the settings specified in cloud-config...
[[0;32m  OK  [0m] Started Unattended Upgrades Shutdown.
         Starting Snappy daemon...
         Starting Pollinate to seed the pseudo random number generator...
         Starting LSB: Record successful boot for GRUB...
[[0;32m  OK  [0m] Started System Logging Service.
[[0;32m  OK  [0m] Started /etc/rc.local Compatibility.
[[0;32m  OK  [0m] Started Login to default iSCSI targets.
[[0;32m  OK  [0m] Started LSB: MD monitoring daemon.
[[0;32m  OK  [0m] Started LSB: Record successful boot for GRUB.
[[0;32m  OK  [0m] Started Login Service.
         Starting Authenticate and Authorize Users to Run Privileged Tasks...
[[0;32m  OK  [0m] Reached target Remote File Systems (Pre).
[[0;32m  OK  [0m] Reached target Remote File Systems.
         Starting LSB: Set the CPU Frequency Scaling governor to "ondemand"...
         Starting LSB: automatic crash report generation...
         Starting Permit User Sessions...
         Starting LSB: daemon to balance interrupts for SMP systems...
[[0;32m  OK  [0m] Started Virtualbox guest utils.
[[0;32m  OK  [0m] Started LXD - container startup/shutdown.
[[0;32m  OK  [0m] Started Permit User Sessions.
[[0;32m  OK  [0m] Started Authenticate and Authorize Users to Run Privileged Tasks.
[[0;32m  OK  [0m] Started Accounts Service.
         Starting Hold until boot process finishes up...
         Starting Terminate Plymouth Boot Screen...
[[0;32m  OK  [0m] Started LSB: Set the CPU Frequency Scaling governor to "ondemand".
[[0;32m  OK  [0m] Started LSB: automatic crash report generation.
[[0;32m  OK  [0m] Started LSB: daemon to balance interrupts for SMP systems.
[[0;32m  OK  [0m] Started Hold until boot process finishes up.
[[0;32m  OK  [0m] Started Terminate Plymouth Boot Screen.
[[0;32m  OK  [0m] Started Snappy daemon.
         Starting Wait until snapd is fully seeded...
         Starting Set console scheme...
[[0;32m  OK  [0m] Started Getty on tty1.
[[0;32m  OK  [0m] Started Serial Getty on ttyS0.
[[0;32m  OK  [0m] Reached target Login Prompts.
[[0;32m  OK  [0m] Started Set console scheme.
[   20.692130] cloud-init[1122]: Generating locales (this might take a while)...
[[0;32m  OK  [0m] Started Pollinate to seed the pseudo random number generator.
         Starting OpenBSD Secure Shell server...
[[0;32m  OK  [0m] Started OpenBSD Secure Shell server.
[   21.833106] cloud-init[1122]:   en_US.UTF-8... done
[   21.854273] cloud-init[1122]: Generation complete.
[[0;32m  OK  [0m] Started Wait until snapd is fully seeded.
[[0;32m  OK  [0m] Reached target Multi-User System.
[[0;32m  OK  [0m] Reached target Graphical Interface.
         Starting Update UTMP about System Runlevel Changes...
[[0;32m  OK  [0m] Started Update UTMP about System Runlevel Changes.
[   22.790642] cloud-init[1122]: Cloud-init v. 18.2 running 'modules:config' at Thu, 26 Jul 2018 00:12:34 +0000. Up 20.51 seconds.
[[0;32m  OK  [0m] Started Apply the settings specified in cloud-config.
         Starting Execute cloud user/final scripts...
ci-info: no authorized ssh keys fingerprints found for user ubuntu.
<14>Jul 26 00:12:37 ec2: 
<14>Jul 26 00:12:37 ec2: #############################################################
<14>Jul 26 00:12:37 ec2: -----BEGIN SSH HOST KEY FINGERPRINTS-----
<14>Jul 26 00:12:37 ec2: 1024 SHA256:1tKxxnCUNFjwVbN8wXR8qJ+gDHXYui1wbURq2bkU4Mo root@ubuntu-xenial (DSA)
<14>Jul 26 00:12:37 ec2: 256 SHA256:4kdOTwtRV4kSDfpOsLwNRXXXZlgP5cqqmpnFK1DALUw root@ubuntu-xenial (ECDSA)
<14>Jul 26 00:12:37 ec2: 256 SHA256:j9pMvLtIjLPBTaXX+XjUhfaGqXi0cZ2juc3CaC2c6qs root@ubuntu-xenial (ED25519)
<14>Jul 26 00:12:37 ec2: 2048 SHA256:fvPSL8VM7qTkUO7gK4MX+JJHPXRsaxixWeJzxhZgDqg root@ubuntu-xenial (RSA)
<14>Jul 26 00:12:37 ec2: -----END SSH HOST KEY FINGERPRINTS-----
<14>Jul 26 00:12:37 ec2: #############################################################
-----BEGIN SSH HOST KEY KEYS-----
ecdsa-sha2-nistp256 AAAAE2VjZHNhLXNoYTItbmlzdHAyNTYAAAAIbmlzdHAyNTYAAABBBNyPZ+4E7mCmeyt2zt36mwAQjLzZsWQLSifG9EPrNdsB0uolgPn3X29WyA7aSriTVR8XgAnEQyq/3ngZ+dkEhpU= root@ubuntu-xenial
ssh-ed25519 AAAAC3NzaC1lZDI1NTE5AAAAIJjmxVNL5H3b7bN7dW0L87HSqISvnL46WtaWuYQNq95s root@ubuntu-xenial
ssh-rsa AAAAB3NzaC1yc2EAAAADAQABAAABAQC/td94/yCiDvqElPNTbynurfM8AH9yYKjv3iADu2fnjBeaG/UAtWDloVUuBhPXBXay8tTV4f9JgXjihgcCYJRBTxwyffTXRBE49mKol0ILQ+6+FvsvQ/yvn9AUYkttgEgm+3AN22pl5YRy9fOqKel6JGcCEC/3dF6dMvbTPuX2+tPwDxN4tBjX9Zh/Aaq9IjxsFwYgRYZywoYtYT0soHn1OC2n6K7ybXdN1dQud8OAQ5FO0ZMmW6Da5D+CUgSXRpnoBN1tdsPwLYZZ9rMbqRFDa6PYB8+HmcqEp/t+FU0/NiYOVtDLsLj9HP4RaVWrJt9R9hDdbUsBMm/9LEp6GNID root@ubuntu-xenial
-----END SSH HOST KEY KEYS-----
[   23.947836] cloud-init[1339]: Cloud-init v. 18.2 running 'modules:final' at Thu, 26 Jul 2018 00:12:37 +0000. Up 23.15 seconds.
[   23.958427] cloud-init[1339]: ci-info: no authorized ssh keys fingerprints found for user ubuntu.
[   23.971092] cloud-init[1339]: Cloud-init v. 18.2 finished at Thu, 26 Jul 2018 00:12:38 +0000. Datasource DataSourceNoCloud [seed=/dev/sdb][dsmode=net].  Up 23.94 seconds
[[0;32m  OK  [0m] Started Execute cloud user/final scripts.
[[0;32m  OK  [0m] Reached target Cloud-init target.

Ubuntu 16.04.4 LTS ubuntu-xenial ttyS0

ubuntu-xenial login: 